0 info it worked if it ends with ok
1 verbose cli [ '/usr/local/bin/node', '/usr/local/bin/npm', 'run', 'android' ]
2 info using npm@4.1.2
3 info using node@v7.7.4
4 verbose run-script [ 'preandroid', 'android', 'postandroid' ]
5 info lifecycle easyreading@0.1.0~preandroid: easyreading@0.1.0
6 silly lifecycle easyreading@0.1.0~preandroid: no script for preandroid, continuing
7 info lifecycle easyreading@0.1.0~android: easyreading@0.1.0
8 verbose lifecycle easyreading@0.1.0~android: unsafe-perm in lifecycle true
9 verbose lifecycle easyreading@0.1.0~android: PATH: /usr/local/lib/node_modules/npm/bin/node-gyp-bin:/Users/escawn/Documents/easyreading/node_modules/.bin:/Users/escawn/Library/Android/sdk/platform-tools:/Applications/Xcode.app/Contents/Developer/usr/libexec/git-core/:/Library/Java/JavaVirtualMachines/jre1.8.0_91.jre/Contents/Home/bin:/usr/local/Cellar/git-tf:/Applications/Xcode.app/Contents/Developer/usr/libexec/git-core/:/usr/local/bin:/usr/bin:/bin:/usr/sbin:/sbin
10 verbose lifecycle easyreading@0.1.0~android: CWD: /Users/escawn/Documents/easyreading
11 silly lifecycle easyreading@0.1.0~android: Args: [ '-c', 'cordova run android' ]
12 silly lifecycle easyreading@0.1.0~android: Returned: code: 1  signal: null
13 info lifecycle easyreading@0.1.0~android: Failed to exec android script
14 verbose stack Error: easyreading@0.1.0 android: `cordova run android`
14 verbose stack Exit status 1
14 verbose stack     at EventEmitter.<anonymous> (/usr/local/lib/node_modules/npm/lib/utils/lifecycle.js:279:16)
14 verbose stack     at emitTwo (events.js:106:13)
14 verbose stack     at EventEmitter.emit (events.js:194:7)
14 verbose stack     at ChildProcess.<anonymous> (/usr/local/lib/node_modules/npm/lib/utils/spawn.js:40:14)
14 verbose stack     at emitTwo (events.js:106:13)
14 verbose stack     at ChildProcess.emit (events.js:194:7)
14 verbose stack     at maybeClose (internal/child_process.js:899:16)
14 verbose stack     at Process.ChildProcess._handle.onexit (internal/child_process.js:226:5)
15 verbose pkgid easyreading@0.1.0
16 verbose cwd /Users/escawn/Documents/easyreading
17 error Darwin 15.6.0
18 error argv "/usr/local/bin/node" "/usr/local/bin/npm" "run" "android"
19 error node v7.7.4
20 error npm  v4.1.2
21 error code ELIFECYCLE
22 error easyreading@0.1.0 android: `cordova run android`
22 error Exit status 1
23 error Failed at the easyreading@0.1.0 android script 'cordova run android'.
23 error Make sure you have the latest version of node.js and npm installed.
23 error If you do, this is most likely a problem with the easyreading package,
23 error not with npm itself.
23 error Tell the author that this fails on your system:
23 error     cordova run android
23 error You can get information on how to open an issue for this project with:
23 error     npm bugs easyreading
23 error Or if that isn't available, you can get their info via:
23 error     npm owner ls easyreading
23 error There is likely additional logging output above.
24 verbose exit [ 1, true ]
